This is pdfTeX, Version 3.141592653-2.6-1.40.24 (TeX Live 2022/Debian) (preloaded format=pdflatex 2024.8.17)  27 AUG 2024 08:56
entering extended mode
 restricted \write18 enabled.
 %&-line parsing enabled.
**matrice.tex
(./matrice.tex
LaTeX2e <2022-11-01> patch level 1
L3 programming layer <2023-01-16>

! LaTeX Error: Missing \begin{document}.

See the LaTeX manual or LaTeX Companion for explanation.
Type  H <return>  for immediate help.
 ...                                              
                                                  
l.1 =
     \documentclass{article}
? 
Missing character: There is no = in font nullfont!
(/usr/share/texlive/texmf-dist/tex/latex/base/article.cls
Document Class: article 2022/07/02 v1.4n Standard LaTeX document class
(/usr/share/texlive/texmf-dist/tex/latex/base/size10.clo
File: size10.clo 2022/07/02 v1.4n Standard LaTeX file (size option)
)
\c@part=\count185
\c@section=\count186
\c@subsection=\count187
\c@subsubsection=\count188
\c@paragraph=\count189
\c@subparagraph=\count190

Overfull \hbox (20.0pt too wide) in paragraph at lines 1--274
[]
 []

\c@figure=\count191
\c@table=\count192
\abovecaptionskip=\skip48
\belowcaptionskip=\skip49
\bibindent=\dimen140
[1{/var/lib/texmf/fonts/map/pdftex/updmap/pdftex.map}])
(/usr/share/texlive/texmf-dist/tex/latex/amsmath/amsmath.sty
Package: amsmath 2022/04/08 v2.17n AMS math features
\@mathmargin=\skip50

For additional information on amsmath, use the `?' option.
(/usr/share/texlive/texmf-dist/tex/latex/amsmath/amstext.sty
Package: amstext 2021/08/26 v2.01 AMS text

(/usr/share/texlive/texmf-dist/tex/latex/amsmath/amsgen.sty
File: amsgen.sty 1999/11/30 v2.0 generic functions
\@emptytoks=\toks16
\ex@=\dimen141
))
(/usr/share/texlive/texmf-dist/tex/latex/amsmath/amsbsy.sty
Package: amsbsy 1999/11/29 v1.2d Bold Symbols
\pmbraise@=\dimen142
)
(/usr/share/texlive/texmf-dist/tex/latex/amsmath/amsopn.sty
Package: amsopn 2022/04/08 v2.04 operator names
)
\inf@bad=\count193
LaTeX Info: Redefining \frac on input line 234.
\uproot@=\count194
\leftroot@=\count195
LaTeX Info: Redefining \overline on input line 399.
LaTeX Info: Redefining \colon on input line 410.
\classnum@=\count196
\DOTSCASE@=\count197
LaTeX Info: Redefining \ldots on input line 496.
LaTeX Info: Redefining \dots on input line 499.
LaTeX Info: Redefining \cdots on input line 620.
\Mathstrutbox@=\box51
\strutbox@=\box52
LaTeX Info: Redefining \big on input line 722.
LaTeX Info: Redefining \Big on input line 723.
LaTeX Info: Redefining \bigg on input line 724.
LaTeX Info: Redefining \Bigg on input line 725.
\big@size=\dimen143
LaTeX Font Info:    Redeclaring font encoding OML on input line 743.
LaTeX Font Info:    Redeclaring font encoding OMS on input line 744.
\macc@depth=\count198
LaTeX Info: Redefining \bmod on input line 905.
LaTeX Info: Redefining \pmod on input line 910.
LaTeX Info: Redefining \smash on input line 940.
LaTeX Info: Redefining \relbar on input line 970.
LaTeX Info: Redefining \Relbar on input line 971.
\c@MaxMatrixCols=\count199
\dotsspace@=\muskip16
\c@parentequation=\count266
\dspbrk@lvl=\count267
\tag@help=\toks17
\row@=\count268
\column@=\count269
\maxfields@=\count270
\andhelp@=\toks18
\eqnshift@=\dimen144
\alignsep@=\dimen145
\tagshift@=\dimen146
\tagwidth@=\dimen147
\totwidth@=\dimen148
\lineht@=\dimen149
\@envbody=\toks19
\multlinegap=\skip51
\multlinetaggap=\skip52
\mathdisplay@stack=\toks20
LaTeX Info: Redefining \[ on input line 2953.
LaTeX Info: Redefining \] on input line 2954.
)

! LaTeX Error: File `gvv-book.sty' not found.

Type X to quit or <RETURN> to proceed,
or enter new name. (Default extension: sty)

Enter file name: 

! LaTeX Error: File `gvv.sty' not found.

Type X to quit or <RETURN> to proceed,
or enter new name. (Default extension: sty)

Enter file name: 
(/usr/share/texlive/texmf-dist/tex/latex/l3backend/l3backend-pdftex.def
File: l3backend-pdftex.def 2023-01-16 L3 backend support: PDF output (pdfTeX)
\l__color_backend_stack_int=\count271
\l__pdf_internal_box=\box53
)
No file matrice.aux.
\openout1 = `matrice.aux'.

LaTeX Font Info:    Checking defaults for OML/cmm/m/it on input line 5.
LaTeX Font Info:    ... okay on input line 5.
LaTeX Font Info:    Checking defaults for OMS/cmsy/m/n on input line 5.
LaTeX Font Info:    ... okay on input line 5.
LaTeX Font Info:    Checking defaults for OT1/cmr/m/n on input line 5.
LaTeX Font Info:    ... okay on input line 5.
LaTeX Font Info:    Checking defaults for T1/cmr/m/n on input line 5.
LaTeX Font Info:    ... okay on input line 5.
LaTeX Font Info:    Checking defaults for TS1/cmr/m/n on input line 5.
LaTeX Font Info:    ... okay on input line 5.
LaTeX Font Info:    Checking defaults for OMX/cmex/m/n on input line 5.
LaTeX Font Info:    ... okay on input line 5.
LaTeX Font Info:    Checking defaults for U/cmr/m/n on input line 5.
LaTeX Font Info:    ... okay on input line 5.
! Undefined control sequence.
l.15     \item If  \mydet
                         {-a & b & c\\a & -b & c\\a & b & -c} = kabc, then t...

? 
! Misplaced alignment tab character &.
l.15     \item If  \mydet{-a &
                               b & c\\a & -b & c\\a & b & -c} = kabc, then t...

? 
! Misplaced alignment tab character &.
l.15     \item If  \mydet{-a & b &
                                   c\\a & -b & c\\a & b & -c} = kabc, then t...

? 
! Misplaced alignment tab character &.
l.15     \item If  \mydet{-a & b & c\\a &
                                          -b & c\\a & b & -c} = kabc, then t...

? 
! Misplaced alignment tab character &.
l.15     \item If  \mydet{-a & b & c\\a & -b &
                                               c\\a & b & -c} = kabc, then t...

? 
! Misplaced alignment tab character &.
l.15 ...tem If  \mydet{-a & b & c\\a & -b & c\\a &
                                                   b & -c} = kabc, then the ...

? 
! Misplaced alignment tab character &.
l.15 ...If  \mydet{-a & b & c\\a & -b & c\\a & b &
                                                   -c} = kabc, then the valu...

? 
! Undefined control sequence.
l.29     \item If $F(x)= \myvec
                               {\cos x & -\sin x & 0\\ \sin x & \cos x & 0\\...

? 
! Misplaced alignment tab character &.
l.29     \item If $F(x)= \myvec{\cos x &
                                         -\sin x & 0\\ \sin x & \cos x & 0\\...

? 
! Misplaced alignment tab character &.
l.29     \item If $F(x)= \myvec{\cos x & -\sin x &
                                                   0\\ \sin x & \cos x & 0\\...

? 
! Misplaced alignment tab character &.
l.29 ...x)= \myvec{\cos x & -\sin x & 0\\ \sin x &
                                                   \cos x & 0\\ 0 & 0 &0}$ a...

? 
! Misplaced alignment tab character &.
l.29 ...c{\cos x & -\sin x & 0\\ \sin x & \cos x &
                                                   0\\ 0 & 0 &0}$ and $[F(x)...

? 
! Misplaced alignment tab character &.
l.29 ... & -\sin x & 0\\ \sin x & \cos x & 0\\ 0 &
                                                   0 &0}$ and $[F(x)]^2$=$F(...

? 
! Misplaced alignment tab character &.
l.29 ...\sin x & 0\\ \sin x & \cos x & 0\\ 0 & 0 &
                                                  0}$ and $[F(x)]^2$=$F(kx)$...

? 

Underfull \hbox (badness 10000) in paragraph at lines 44--46

 []

! Undefined control sequence.
l.46 	\item If $A= \myvec
                         {1 & \cot x\\ -\cot x & 1}$,then show that $A'A^-1=...

? 
! Misplaced alignment tab character &.
l.46 	\item If $A= \myvec{1 &
                              \cot x\\ -\cot x & 1}$,then show that $A'A^-1=...

? 
! Misplaced alignment tab character &.
l.46 	\item If $A= \myvec{1 & \cot x\\ -\cot x &
                                                 1}$,then show that $A'A^-1=...

? 
! Undefined control sequence.
l.46 ...cot x & 1}$,then show that $A'A^-1= \myvec
                                                  {-\cos 2x & -\sin 2x \\ \s...

? 
! Misplaced alignment tab character &.
l.46 ...,then show that $A'A^-1= \myvec{-\cos 2x &
                                                   -\sin 2x \\ \sin 2x & -\c...

? 
! Misplaced alignment tab character &.
l.46 ...1= \myvec{-\cos 2x & -\sin 2x \\ \sin 2x &
                                                   -\cos 2x}$
? 

Overfull \hbox (23.01347pt too wide) in paragraph at lines 46--47
[]\OT1/cmr/m/n/10 If $\OML/cmm/m/it/10 A \OT1/cmr/m/n/10 = []$,then show that $
\OML/cmm/m/it/10 A[]A[]\OT1/cmr/m/n/10 1 = []$ 
 []

[2

] [3] (./matrice.aux) ) 
Here is how much of TeX's memory you used:
 1157 strings out of 476091
 17858 string characters out of 5794081
 1860330 words of memory out of 5000000
 21604 multiletter control sequences out of 15000+600000
 512741 words of font info for 34 fonts, out of 8000000 for 9000
 1141 hyphenation exceptions out of 8191
 56i,5n,62p,224b,165s stack positions out of 10000i,1000n,20000p,200000b,200000s
</usr/share/texlive/texmf-dist/fonts/type1/public/amsfon
ts/cm/cmmi10.pfb></usr/share/texlive/texmf-dist/fonts/type1/public/amsfonts/cm/
cmmi7.pfb></usr/share/texlive/texmf-dist/fonts/type1/public/amsfonts/cm/cmr10.p
fb></usr/share/texlive/texmf-dist/fonts/type1/public/amsfonts/cm/cmr7.pfb></usr
/share/texlive/texmf-dist/fonts/type1/public/amsfonts/cm/cmsy10.pfb></usr/share
/texlive/texmf-dist/fonts/type1/public/amsfonts/cm/cmsy7.pfb>
Output written on matrice.pdf (3 pages, 68634 bytes).
PDF statistics:
 44 PDF objects out of 1000 (max. 8388607)
 26 compressed objects within 1 object stream
 0 named destinations out of 1000 (max. 500000)
 1 words of extra memory for PDF output out of 10000 (max. 10000000)

